ERROR - 2024-02-19 09:06:11 --> Column 'position_title' cannot be null
ERROR - 2024-02-19 09:06:45 --> Column 'position_title' cannot be null
ERROR - 2024-02-19 09:10:03 --> Column 'position_title' cannot be null
ERROR - 2024-02-19 09:10:41 --> Column 'position_title' cannot be null
ERROR - 2024-02-19 09:11:13 --> Column 'position_title' cannot be null
ERROR - 2024-02-19 09:11:28 --> Column 'position_title' cannot be null
ERROR - 2024-02-19 09:13:30 --> Column 'position_title' cannot be null
ERROR - 2024-02-19 09:14:58 --> Column 'position_title' cannot be null
ERROR - 2024-02-19 09:15:14 --> Column 'position_title' cannot be null
ERROR - 2024-02-19 09:15:35 --> Column 'position_title' cannot be null
ERROR - 2024-02-19 09:17:07 --> Column 'position_title' cannot be null
ERROR - 2024-02-19 09:17:17 --> Column 'salary_grade' cannot be null
ERROR - 2024-02-19 09:18:18 --> Column 'position_title' cannot be null
ERROR - 2024-02-19 09:18:37 --> Column 'position_title' cannot be null
ERROR - 2024-02-19 09:22:08 --> Column 'position_title' cannot be null
ERROR - 2024-02-19 09:22:24 --> Column 'position_title' cannot be null
ERROR - 2024-02-19 09:23:21 --> Column 'position_title' cannot be null
ERROR - 2024-02-19 09:23:23 --> Column 'position_title' cannot be null
ERROR - 2024-02-19 09:23:27 --> Column 'position_title' cannot be null
ERROR - 2024-02-19 09:23:38 --> Column 'position_title' cannot be null
ERROR - 2024-02-19 09:23:45 --> Column 'position_title' cannot be null
CRITICAL - 2024-02-19 10:52:13 --> Too few arguments to function App\Controllers\Plantilla::updatePlantilla(), 0 passed in C:\xampp\htdocs\HRIS\vendor\codeigniter4\framework\system\CodeIgniter.php on line 832 and exactly 1 expected
#0 C:\xampp\htdocs\HRIS\vendor\codeigniter4\framework\system\CodeIgniter.php(832): App\Controllers\Plantilla->updatePlantilla()
#1 C:\xampp\htdocs\HRIS\vendor\codeigniter4\framework\system\CodeIgniter.php(419): CodeIgniter\CodeIgniter->runController(Object(App\Controllers\Plantilla))
#2 C:\xampp\htdocs\HRIS\vendor\codeigniter4\framework\system\CodeIgniter.php(326): CodeIgniter\CodeIgniter->handleRequest(NULL, Object(Config\Cache), false)
#3 C:\xampp\htdocs\HRIS\index.php(38): CodeIgniter\CodeIgniter->run()
#4 {main}
